[ad3790d1-df44-4911-af4a-45abe8419bad] PACKER 2025/12/15 05:55:10 [INFO] Packer version: 1.14.2 [go1.23.2 linux amd64]
[ad3790d1-df44-4911-af4a-45abe8419bad] PACKER 2025/12/15 05:55:10 [INFO] PACKER_CONFIG env var not set; checking the default config file path
[ad3790d1-df44-4911-af4a-45abe8419bad] PACKER 2025/12/15 05:55:10 [INFO] PACKER_CONFIG env var set; attempting to open config file: /root/.packerconfig
[ad3790d1-df44-4911-af4a-45abe8419bad] PACKER 2025/12/15 05:55:10 [WARN] Config file doesn't exist: /root/.packerconfig
[ad3790d1-df44-4911-af4a-45abe8419bad] PACKER 2025/12/15 05:55:10 [INFO] Setting cache directory: /root/.cache/packer
[ad3790d1-df44-4911-af4a-45abe8419bad] PACKER e: Running in background, not using a TTY
[ad3790d1-df44-4911-af4a-45abe8419bad] PACKER 2025/12/15 05:55:10 [TRACE] listing potential installations for <nil> that match "". plugingetter.ListInstallationsOptions{PluginDirectory:"/root/.config/packer/plugins", BinaryInstallationOptions:plugingetter.BinaryInstallationOptions{APIVersionMajor:"5", APIVersionMinor:"0", OS:"linux", ARCH:"amd64", Ext:"", Checksummers:[]plugingetter.Checksummer{plugingetter.Checksummer{Type:"sha256", Hash:(*sha256.digest)(0xc000156580)}}, ReleasesOnly:false}}
[ad3790d1-df44-4911-af4a-45abe8419bad] PACKER 2025/12/15 05:55:10 [INFO] found external [arm chroot dtl] builders from azure plugin
[ad3790d1-df44-4911-af4a-45abe8419bad] PACKER 2025/12/15 05:55:10 found external [dtlartifact] provisioner from azure plugin
[ad3790d1-df44-4911-af4a-45abe8419bad] PACKER 2025/12/15 05:55:10 found external [keyvaultsecret] datasource from azure plugin
[ad3790d1-df44-4911-af4a-45abe8419bad] PACKER 2025/12/15 05:55:10 found external [-packer-default-plugin-name-] provisioner from windows-update plugin
[ad3790d1-df44-4911-af4a-45abe8419bad] PACKER 2025/12/15 05:55:10 [TRACE] Using protobuf for communication with plugins
[ad3790d1-df44-4911-af4a-45abe8419bad] PACKER 2025/12/15 05:55:10 [INFO] Starting external plugin /root/.config/packer/plugins/github.com/hashicorp/azure/packer-plugin-azure_v2.5.0_x5.0_linux_amd64 start builder --protobuf arm
[ad3790d1-df44-4911-af4a-45abe8419bad] PACKER 2025/12/15 05:55:10 Starting plugin: /root/.config/packer/plugins/github.com/hashicorp/azure/packer-plugin-azure_v2.5.0_x5.0_linux_amd64 []string{"/root/.config/packer/plugins/github.com/hashicorp/azure/packer-plugin-azure_v2.5.0_x5.0_linux_amd64", "start", "builder", "--protobuf", "arm"}
[ad3790d1-df44-4911-af4a-45abe8419bad] PACKER 2025/12/15 05:55:10 Waiting for RPC address for: /root/.config/packer/plugins/github.com/hashicorp/azure/packer-plugin-azure_v2.5.0_x5.0_linux_amd64
[ad3790d1-df44-4911-af4a-45abe8419bad] PACKER 2025/12/15 05:55:10 packer-plugin-azure_v2.5.0_x5.0_linux_amd64 plugin: 2025/12/15 05:55:10 Plugin address: unix /tmp/packer-plugin1533526929
[ad3790d1-df44-4911-af4a-45abe8419bad] PACKER 2025/12/15 05:55:10 packer-plugin-azure_v2.5.0_x5.0_linux_amd64 plugin: 2025/12/15 05:55:10 Waiting for connection...
[ad3790d1-df44-4911-af4a-45abe8419bad] PACKER 2025/12/15 05:55:10 Received unix RPC address for /root/.config/packer/plugins/github.com/hashicorp/azure/packer-plugin-azure_v2.5.0_x5.0_linux_amd64: addr is /tmp/packer-plugin1533526929
[ad3790d1-df44-4911-af4a-45abe8419bad] PACKER 2025/12/15 05:55:10 packer-plugin-azure_v2.5.0_x5.0_linux_amd64 plugin: 2025/12/15 05:55:10 Serving a plugin connection...
[ad3790d1-df44-4911-af4a-45abe8419bad] PACKER 2025/12/15 05:55:10 packer-plugin-azure_v2.5.0_x5.0_linux_amd64 plugin: 2025/12/15 05:55:10 [TRACE] starting builder arm
[ad3790d1-df44-4911-af4a-45abe8419bad] PACKER 2025/12/15 05:55:10 [INFO] Starting external plugin /aib/packerInput/packer execute --protobuf packer-provisioner-file
[ad3790d1-df44-4911-af4a-45abe8419bad] PACKER 2025/12/15 05:55:10 Starting plugin: /aib/packerInput/packer []string{"/aib/packerInput/packer", "execute", "--protobuf", "packer-provisioner-file"}
[ad3790d1-df44-4911-af4a-45abe8419bad] PACKER 2025/12/15 05:55:10 Waiting for RPC address for: /aib/packerInput/packer
[ad3790d1-df44-4911-af4a-45abe8419bad] PACKER 2025/12/15 05:55:10 packer-provisioner-file plugin: [INFO] Packer version: 1.14.2 [go1.23.2 linux amd64]
[ad3790d1-df44-4911-af4a-45abe8419bad] PACKER 2025/12/15 05:55:10 packer-provisioner-file plugin: [INFO] PACKER_CONFIG env var not set; checking the default config file path
[ad3790d1-df44-4911-af4a-45abe8419bad] PACKER 2025/12/15 05:55:10 packer-provisioner-file plugin: [INFO] PACKER_CONFIG env var set; attempting to open config file: /root/.packerconfig
[ad3790d1-df44-4911-af4a-45abe8419bad] PACKER 2025/12/15 05:55:10 packer-provisioner-file plugin: [WARN] Config file doesn't exist: /root/.packerconfig
[ad3790d1-df44-4911-af4a-45abe8419bad] PACKER 2025/12/15 05:55:10 packer-provisioner-file plugin: [INFO] Setting cache directory: /root/.cache/packer
[ad3790d1-df44-4911-af4a-45abe8419bad] PACKER 2025/12/15 05:55:10 packer-provisioner-file plugin: Plugin address: unix /tmp/packer-plugin3659049007
[ad3790d1-df44-4911-af4a-45abe8419bad] PACKER 2025/12/15 05:55:10 packer-provisioner-file plugin: Waiting for connection...
[ad3790d1-df44-4911-af4a-45abe8419bad] PACKER 2025/12/15 05:55:10 Received unix RPC address for /aib/packerInput/packer: addr is /tmp/packer-plugin3659049007
[ad3790d1-df44-4911-af4a-45abe8419bad] PACKER 2025/12/15 05:55:10 packer-provisioner-file plugin: Serving a plugin connection...
[ad3790d1-df44-4911-af4a-45abe8419bad] PACKER 2025/12/15 05:55:10 [INFO] Starting external plugin /aib/packerInput/packer execute --protobuf packer-provisioner-powershell
[ad3790d1-df44-4911-af4a-45abe8419bad] PACKER 2025/12/15 05:55:10 Starting plugin: /aib/packerInput/packer []string{"/aib/packerInput/packer", "execute", "--protobuf", "packer-provisioner-powershell"}
[ad3790d1-df44-4911-af4a-45abe8419bad] PACKER 2025/12/15 05:55:10 Waiting for RPC address for: /aib/packerInput/packer
[ad3790d1-df44-4911-af4a-45abe8419bad] PACKER 2025/12/15 05:55:10 packer-provisioner-powershell plugin: [INFO] Packer version: 1.14.2 [go1.23.2 linux amd64]
[ad3790d1-df44-4911-af4a-45abe8419bad] PACKER 2025/12/15 05:55:10 packer-provisioner-powershell plugin: [INFO] PACKER_CONFIG env var not set; checking the default config file path
[ad3790d1-df44-4911-af4a-45abe8419bad] PACKER 2025/12/15 05:55:10 packer-provisioner-powershell plugin: [INFO] PACKER_CONFIG env var set; attempting to open config file: /root/.packerconfig
[ad3790d1-df44-4911-af4a-45abe8419bad] PACKER 2025/12/15 05:55:10 packer-provisioner-powershell plugin: [WARN] Config file doesn't exist: /root/.packerconfig
[ad3790d1-df44-4911-af4a-45abe8419bad] PACKER 2025/12/15 05:55:10 packer-provisioner-powershell plugin: [INFO] Setting cache directory: /root/.cache/packer
[ad3790d1-df44-4911-af4a-45abe8419bad] PACKER 2025/12/15 05:55:10 packer-provisioner-powershell plugin: Plugin address: unix /tmp/packer-plugin3065957390
[ad3790d1-df44-4911-af4a-45abe8419bad] PACKER 2025/12/15 05:55:10 packer-provisioner-powershell plugin: Waiting for connection...
[ad3790d1-df44-4911-af4a-45abe8419bad] PACKER 2025/12/15 05:55:10 Received unix RPC address for /aib/packerInput/packer: addr is /tmp/packer-plugin3065957390
[ad3790d1-df44-4911-af4a-45abe8419bad] PACKER 2025/12/15 05:55:10 packer-provisioner-powershell plugin: Serving a plugin connection...
[ad3790d1-df44-4911-af4a-45abe8419bad] PACKER 2025/12/15 05:55:10 [INFO] Starting external plugin /aib/packerInput/packer execute --protobuf packer-provisioner-powershell
[ad3790d1-df44-4911-af4a-45abe8419bad] PACKER 2025/12/15 05:55:10 Starting plugin: /aib/packerInput/packer []string{"/aib/packerInput/packer", "execute", "--protobuf", "packer-provisioner-powershell"}
[ad3790d1-df44-4911-af4a-45abe8419bad] PACKER 2025/12/15 05:55:10 Waiting for RPC address for: /aib/packerInput/packer
[ad3790d1-df44-4911-af4a-45abe8419bad] PACKER 2025/12/15 05:55:10 packer-provisioner-powershell plugin: [INFO] Packer version: 1.14.2 [go1.23.2 linux amd64]
[ad3790d1-df44-4911-af4a-45abe8419bad] PACKER 2025/12/15 05:55:10 packer-provisioner-powershell plugin: [INFO] PACKER_CONFIG env var not set; checking the default config file path
[ad3790d1-df44-4911-af4a-45abe8419bad] PACKER 2025/12/15 05:55:10 packer-provisioner-powershell plugin: [INFO] PACKER_CONFIG env var set; attempting to open config file: /root/.packerconfig
[ad3790d1-df44-4911-af4a-45abe8419bad] PACKER 2025/12/15 05:55:10 packer-provisioner-powershell plugin: [WARN] Config file doesn't exist: /root/.packerconfig
[ad3790d1-df44-4911-af4a-45abe8419bad] PACKER 2025/12/15 05:55:10 packer-provisioner-powershell plugin: [INFO] Setting cache directory: /root/.cache/packer
[ad3790d1-df44-4911-af4a-45abe8419bad] PACKER 2025/12/15 05:55:10 packer-provisioner-powershell plugin: Plugin address: unix /tmp/packer-plugin2263523696
[ad3790d1-df44-4911-af4a-45abe8419bad] PACKER 2025/12/15 05:55:10 Received unix RPC address for /aib/packerInput/packer: addr is /tmp/packer-plugin2263523696
[ad3790d1-df44-4911-af4a-45abe8419bad] PACKER 2025/12/15 05:55:10 packer-provisioner-powershell plugin: Waiting for connection...
[ad3790d1-df44-4911-af4a-45abe8419bad] PACKER 2025/12/15 05:55:10 packer-provisioner-powershell plugin: Serving a plugin connection...
[ad3790d1-df44-4911-af4a-45abe8419bad] PACKER 2025/12/15 05:55:10 Preparing build: azure-arm
[ad3790d1-df44-4911-af4a-45abe8419bad] PACKER 2025/12/15 05:55:10 packer-plugin-azure_v2.5.0_x5.0_linux_amd64 plugin: 2025/12/15 05:55:10 Error looking up environment using metadata host: retrieving metadata from endpoint "management.azure.com": performing request: Get "management.azure.com/metadata/endpoints?[REDACTED]": unsupported protocol scheme "".
[ad3790d1-df44-4911-af4a-45abe8419bad] PACKER 2025/12/15 05:55:10 packer-plugin-azure_v2.5.0_x5.0_linux_amd64 plugin: Falling back to hardcoded mechanism...
[ad3790d1-df44-4911-af4a-45abe8419bad] PACKER 2025/12/15 05:55:10 packer-plugin-azure_v2.5.0_x5.0_linux_amd64 plugin: 2025/12/15 05:55:10 Error looking up environment using metadata host: retrieving metadata from endpoint "management.azure.com": performing request: Get "management.azure.com/metadata/endpoints?[REDACTED]": unsupported protocol scheme "".
[ad3790d1-df44-4911-af4a-45abe8419bad] PACKER 2025/12/15 05:55:10 packer-plugin-azure_v2.5.0_x5.0_linux_amd64 plugin: Falling back to hardcoded mechanism...
[ad3790d1-df44-4911-af4a-45abe8419bad] PACKER 2025/12/15 05:55:10 packer-provisioner-powershell plugin: Using inline default execute command powershell -executionpolicy bypass -file {{.Path}}
[ad3790d1-df44-4911-af4a-45abe8419bad] PACKER 2025/12/15 05:55:10 packer-provisioner-powershell plugin: Using inline default elevated execute command powershell -executionpolicy bypass -file {{.Path}}
[ad3790d1-df44-4911-af4a-45abe8419bad] PACKER 2025/12/15 05:55:10 packer-provisioner-powershell plugin: Using inline default execute command powershell -executionpolicy bypass -file {{.Path}}
[ad3790d1-df44-4911-af4a-45abe8419bad] PACKER 2025/12/15 05:55:10 packer-provisioner-powershell plugin: Using inline default elevated execute command powershell -executionpolicy bypass -file {{.Path}}
[ad3790d1-df44-4911-af4a-45abe8419bad] PACKER 2025/12/15 05:55:10 ui: azure-arm: output will be in this color.
[ad3790d1-df44-4911-af4a-45abe8419bad] PACKER 2025/12/15 05:55:10 ui: 
[ad3790d1-df44-4911-af4a-45abe8419bad] PACKER 2025/12/15 05:55:10 Build debug mode: false
[ad3790d1-df44-4911-af4a-45abe8419bad] PACKER 2025/12/15 05:55:10 Force build: false
[ad3790d1-df44-4911-af4a-45abe8419bad] PACKER 2025/12/15 05:55:10 On error: cleanup
[ad3790d1-df44-4911-af4a-45abe8419bad] PACKER 2025/12/15 05:55:10 Waiting on builds to complete...
[ad3790d1-df44-4911-af4a-45abe8419bad] PACKER 2025/12/15 05:55:10 Starting build run: azure-arm
[ad3790d1-df44-4911-af4a-45abe8419bad] PACKER 2025/12/15 05:55:10 Running builder: azure-arm
[ad3790d1-df44-4911-af4a-45abe8419bad] PACKER 2025/12/15 05:55:10 ui: ==> azure-arm: Running builder ...
[ad3790d1-df44-4911-af4a-45abe8419bad] PACKER 2025/12/15 05:55:10 packer-plugin-azure_v2.5.0_x5.0_linux_amd64 plugin: 2025/12/15 05:55:10 :: Configuration
[ad3790d1-df44-4911-af4a-45abe8419bad] PACKER 2025/12/15 05:55:10 packer-plugin-azure_v2.5.0_x5.0_linux_amd64 plugin: 2025/12/15 05:55:10 CaptureNamePrefix=
[ad3790d1-df44-4911-af4a-45abe8419bad] PACKER 2025/12/15 05:55:10 packer-plugin-azure_v2.5.0_x5.0_linux_amd64 plugin: 2025/12/15 05:55:10 CaptureContainerName=
[ad3790d1-df44-4911-af4a-45abe8419bad] PACKER 2025/12/15 05:55:10 packer-plugin-azure_v2.5.0_x5.0_linux_amd64 plugin: 2025/12/15 05:55:10 SharedGalleryImageVersionEndOfLifeDate=
[ad3790d1-df44-4911-af4a-45abe8419bad] PACKER 2025/12/15 05:55:10 packer-plugin-azure_v2.5.0_x5.0_linux_amd64 plugin: 2025/12/15 05:55:10 ImagePublisher=MicrosoftWindowsDesktop
[ad3790d1-df44-4911-af4a-45abe8419bad] PACKER 2025/12/15 05:55:10 packer-plugin-azure_v2.5.0_x5.0_linux_amd64 plugin: 2025/12/15 05:55:10 ImageOffer=office-365
[ad3790d1-df44-4911-af4a-45abe8419bad] PACKER 2025/12/15 05:55:10 packer-plugin-azure_v2.5.0_x5.0_linux_amd64 plugin: 2025/12/15 05:55:10 ImageSku=win11-25h2-avd-m365
[ad3790d1-df44-4911-af4a-45abe8419bad] PACKER 2025/12/15 05:55:10 packer-plugin-azure_v2.5.0_x5.0_linux_amd64 plugin: 2025/12/15 05:55:10 ImageVersion=26200.7462.251209
[ad3790d1-df44-4911-af4a-45abe8419bad] PACKER 2025/12/15 05:55:10 packer-plugin-azure_v2.5.0_x5.0_linux_amd64 plugin: 2025/12/15 05:55:10 ImageUrl=
[ad3790d1-df44-4911-af4a-45abe8419bad] PACKER 2025/12/15 05:55:10 packer-plugin-azure_v2.5.0_x5.0_linux_amd64 plugin: 2025/12/15 05:55:10 CustomManagedImageName=
[ad3790d1-df44-4911-af4a-45abe8419bad] PACKER 2025/12/15 05:55:10 packer-plugin-azure_v2.5.0_x5.0_linux_amd64 plugin: 2025/12/15 05:55:10 CustomManagedImageResourceGroupName=
[ad3790d1-df44-4911-af4a-45abe8419bad] PACKER 2025/12/15 05:55:10 packer-plugin-azure_v2.5.0_x5.0_linux_amd64 plugin: 2025/12/15 05:55:10 Location=
[ad3790d1-df44-4911-af4a-45abe8419bad] PACKER 2025/12/15 05:55:10 packer-plugin-azure_v2.5.0_x5.0_linux_amd64 plugin: 2025/12/15 05:55:10 VMSize=Standard_D4s_v5
[ad3790d1-df44-4911-af4a-45abe8419bad] PACKER 2025/12/15 05:55:10 packer-plugin-azure_v2.5.0_x5.0_linux_amd64 plugin: 2025/12/15 05:55:10 ManagedImageResourceGroupName=avd-image-builder-rg-staging-1765777442
[ad3790d1-df44-4911-af4a-45abe8419bad] PACKER 2025/12/15 05:55:10 packer-plugin-azure_v2.5.0_x5.0_linux_amd64 plugin: 2025/12/15 05:55:10 ManagedImageName=packerImg_20251215055323
[ad3790d1-df44-4911-af4a-45abe8419bad] PACKER 2025/12/15 05:55:10 packer-plugin-azure_v2.5.0_x5.0_linux_amd64 plugin: 2025/12/15 05:55:10 ManagedImageStorageAccountType=
[ad3790d1-df44-4911-af4a-45abe8419bad] PACKER 2025/12/15 05:55:10 packer-plugin-azure_v2.5.0_x5.0_linux_amd64 plugin: 2025/12/15 05:55:10 ManagedImageOSDiskSnapshotName=packerImg_20251215055323_os_disk
[ad3790d1-df44-4911-af4a-45abe8419bad] PACKER 2025/12/15 05:55:10 packer-plugin-azure_v2.5.0_x5.0_linux_amd64 plugin: 2025/12/15 05:55:10 ManagedImageDataDiskSnapshotPrefix=
[ad3790d1-df44-4911-af4a-45abe8419bad] PACKER 2025/12/15 05:55:10 packer-plugin-azure_v2.5.0_x5.0_linux_amd64 plugin: 2025/12/15 05:55:10 ResourceGroupName=
[ad3790d1-df44-4911-af4a-45abe8419bad] PACKER 2025/12/15 05:55:10 packer-plugin-azure_v2.5.0_x5.0_linux_amd64 plugin: 2025/12/15 05:55:10 StorageAccount=
[ad3790d1-df44-4911-af4a-45abe8419bad] PACKER 2025/12/15 05:55:10 packer-plugin-azure_v2.5.0_x5.0_linux_amd64 plugin: 2025/12/15 05:55:10 TempComputeName=
[ad3790d1-df44-4911-af4a-45abe8419bad] PACKER 2025/12/15 05:55:10 packer-plugin-azure_v2.5.0_x5.0_linux_amd64 plugin: 2025/12/15 05:55:10 TempNicName=
[ad3790d1-df44-4911-af4a-45abe8419bad] PACKER 2025/12/15 05:55:10 packer-plugin-azure_v2.5.0_x5.0_linux_amd64 plugin: 2025/12/15 05:55:10 TempResourceGroupName=
[ad3790d1-df44-4911-af4a-45abe8419bad] PACKER 2025/12/15 05:55:10 packer-plugin-azure_v2.5.0_x5.0_linux_amd64 plugin: 2025/12/15 05:55:10 BuildResourceGroupName=avd-image-builder-rg-staging-1765777442
[ad3790d1-df44-4911-af4a-45abe8419bad] PACKER 2025/12/15 05:55:10 packer-plugin-azure_v2.5.0_x5.0_linux_amd64 plugin: 2025/12/15 05:55:10 BuildKeyVaultName=
[ad3790d1-df44-4911-af4a-45abe8419bad] PACKER 2025/12/15 05:55:10 packer-plugin-azure_v2.5.0_x5.0_linux_amd64 plugin: 2025/12/15 05:55:10 BuildKeyVaultSecretName=********************
[ad3790d1-df44-4911-af4a-45abe8419bad] PACKER 2025/12/15 05:55:10 packer-plugin-azure_v2.5.0_x5.0_linux_amd64 plugin: 2025/12/15 05:55:10 BuildKeyVaultSKU=standard
[ad3790d1-df44-4911-af4a-45abe8419bad] PACKER 2025/12/15 05:55:10 packer-plugin-azure_v2.5.0_x5.0_linux_amd64 plugin: 2025/12/15 05:55:10 DiskEncryptionSetId=
[ad3790d1-df44-4911-af4a-45abe8419bad] PACKER 2025/12/15 05:55:10 packer-plugin-azure_v2.5.0_x5.0_linux_amd64 plugin: 2025/12/15 05:55:10 VirtualNetworkName=aibvnetvq0t8
[ad3790d1-df44-4911-af4a-45abe8419bad] PACKER 2025/12/15 05:55:10 packer-plugin-azure_v2.5.0_x5.0_linux_amd64 plugin: 2025/12/15 05:55:10 VirtualNetworkSubnetName=remotesubnet
[ad3790d1-df44-4911-af4a-45abe8419bad] PACKER 2025/12/15 05:55:10 packer-plugin-azure_v2.5.0_x5.0_linux_amd64 plugin: 2025/12/15 05:55:10 VirtualNetworkResourceGroupName=avd-image-builder-rg-staging-1765777442
[ad3790d1-df44-4911-af4a-45abe8419bad] PACKER 2025/12/15 05:55:10 packer-plugin-azure_v2.5.0_x5.0_linux_amd64 plugin: 2025/12/15 05:55:10 CustomDataFile=
[ad3790d1-df44-4911-af4a-45abe8419bad] PACKER 2025/12/15 05:55:10 packer-plugin-azure_v2.5.0_x5.0_linux_amd64 plugin: 2025/12/15 05:55:10 CustomData=
[ad3790d1-df44-4911-af4a-45abe8419bad] PACKER 2025/12/15 05:55:10 packer-plugin-azure_v2.5.0_x5.0_linux_amd64 plugin: 2025/12/15 05:55:10 UserDataFile=
[ad3790d1-df44-4911-af4a-45abe8419bad] PACKER 2025/12/15 05:55:10 packer-plugin-azure_v2.5.0_x5.0_linux_amd64 plugin: 2025/12/15 05:55:10 UserData=
[ad3790d1-df44-4911-af4a-45abe8419bad] PACKER 2025/12/15 05:55:10 packer-plugin-azure_v2.5.0_x5.0_linux_amd64 plugin: 2025/12/15 05:55:10 CustomScript=
[ad3790d1-df44-4911-af4a-45abe8419bad] PACKER 2025/12/15 05:55:10 packer-plugin-azure_v2.5.0_x5.0_linux_amd64 plugin: 2025/12/15 05:55:10 OSType=Windows
[ad3790d1-df44-4911-af4a-45abe8419bad] PACKER 2025/12/15 05:55:10 packer-plugin-azure_v2.5.0_x5.0_linux_amd64 plugin: 2025/12/15 05:55:10 TempOSDiskName=
[ad3790d1-df44-4911-af4a-45abe8419bad] PACKER 2025/12/15 05:55:10 packer-plugin-azure_v2.5.0_x5.0_linux_amd64 plugin: 2025/12/15 05:55:10 DiskCachingType=None
[ad3790d1-df44-4911-af4a-45abe8419bad] PACKER 2025/12/15 05:55:10 packer-plugin-azure_v2.5.0_x5.0_linux_amd64 plugin: 2025/12/15 05:55:10 BootDiagSTGAccount=
[ad3790d1-df44-4911-af4a-45abe8419bad] PACKER 2025/12/15 05:55:10 packer-plugin-azure_v2.5.0_x5.0_linux_amd64 plugin: 2025/12/15 05:55:10 CustomResourcePrefix=
[ad3790d1-df44-4911-af4a-45abe8419bad] PACKER 2025/12/15 05:55:10 packer-plugin-azure_v2.5.0_x5.0_linux_amd64 plugin: 2025/12/15 05:55:10 LicenseType=
[ad3790d1-df44-4911-af4a-45abe8419bad] PACKER 2025/12/15 05:55:10 packer-plugin-azure_v2.5.0_x5.0_linux_amd64 plugin: 2025/12/15 05:55:10 PublicIpSKU=
[ad3790d1-df44-4911-af4a-45abe8419bad] PACKER 2025/12/15 05:55:10 packer-plugin-azure_v2.5.0_x5.0_linux_amd64 plugin: 2025/12/15 05:55:10 SecurityType=
[ad3790d1-df44-4911-af4a-45abe8419bad] PACKER 2025/12/15 05:55:10 packer-plugin-azure_v2.5.0_x5.0_linux_amd64 plugin: 2025/12/15 05:55:10 SecurityEncryptionType=
[ad3790d1-df44-4911-af4a-45abe8419bad] PACKER 2025/12/15 05:55:10 packer-plugin-azure_v2.5.0_x5.0_linux_amd64 plugin: 2025/12/15 05:55:10 UserName=packer
[ad3790d1-df44-4911-af4a-45abe8419bad] PACKER 2025/12/15 05:55:10 packer-plugin-azure_v2.5.0_x5.0_linux_amd64 plugin: 2025/12/15 05:55:10 Password=********************************
[ad3790d1-df44-4911-af4a-45abe8419bad] PACKER 2025/12/15 05:55:10 ui: ==> azure-arm: Creating Azure Resource Manager (ARM) client ...
[ad3790d1-df44-4911-af4a-45abe8419bad] PACKER 2025/12/15 05:55:10 packer-plugin-azure_v2.5.0_x5.0_linux_amd64 plugin: 2025/12/15 05:55:10 [DEBUG] POST https://login.microsoftonline.com/5431ab4b-37bc-4ecd-84a8-d8291e595d29/oauth2/v2.0/token
[ad3790d1-df44-4911-af4a-45abe8419bad] PACKER 2025/12/15 05:55:11 ui: ==> azure-arm: ARM Client successfully created
[ad3790d1-df44-4911-af4a-45abe8419bad] PACKER 2025/12/15 05:55:11 packer-plugin-azure_v2.5.0_x5.0_linux_amd64 plugin: 2025/12/15 05:55:11 [DEBUG] GET https://management.azure.com/subscriptions/28cede72-d862-4e31-9884-9d0eea990f82/resourceGroups/avd-image-builder-rg-staging-1765777442?[REDACTED]
[ad3790d1-df44-4911-af4a-45abe8419bad] PACKER 2025/12/15 05:55:11 packer-plugin-azure_v2.5.0_x5.0_linux_amd64 plugin: 2025/12/15 05:55:11 [DEBUG] GET https://management.azure.com/subscriptions/28cede72-d862-4e31-9884-9d0eea990f82/resourceGroups/avd-image-builder-rg-staging-1765777442/providers/Microsoft.Compute/images/packerImg_20251215055323?[REDACTED]
[ad3790d1-df44-4911-af4a-45abe8419bad] PACKER 2025/12/15 05:55:11 packer-plugin-azure_v2.5.0_x5.0_linux_amd64 plugin: 2025/12/15 05:55:11 [DEBUG] GET https://management.azure.com/subscriptions/28cede72-d862-4e31-9884-9d0eea990f82/resourceGroups/avd-image-builder-rg-staging-1765777442/providers/Microsoft.Compute/snapshots/packerImg_20251215055323_os_disk?[REDACTED]
[ad3790d1-df44-4911-af4a-45abe8419bad] PACKER 2025/12/15 05:55:11 packer-plugin-azure_v2.5.0_x5.0_linux_amd64 plugin: 2025/12/15 05:55:11 [DEBUG] GET https://management.azure.com/subscriptions/28cede72-d862-4e31-9884-9d0eea990f82/resourceGroups/avd-image-builder-rg-staging-1765777442?[REDACTED]
[ad3790d1-df44-4911-af4a-45abe8419bad] PACKER 2025/12/15 05:55:12 ui: ==> azure-arm: WARNING: Zone resiliency may not be supported in westus, checkout the docs at https://docs.microsoft.com/en-us/azure/availability-zones/
[ad3790d1-df44-4911-af4a-45abe8419bad] PACKER 2025/12/15 05:55:12 ui: ==> azure-arm: Getting source image id for the deployment ...
[ad3790d1-df44-4911-af4a-45abe8419bad] PACKER 2025/12/15 05:55:12 ui: ==> azure-arm:  -> SourceImageName: '/subscriptions/28cede72-d862-4e31-9884-9d0eea990f82/providers/Microsoft.Compute/locations/westus/publishers/MicrosoftWindowsDesktop/ArtifactTypes/vmimage/offers/office-365/skus/win11-25h2-avd-m365/versions/26200.7462.251209'
[ad3790d1-df44-4911-af4a-45abe8419bad] PACKER 2025/12/15 05:55:12 packer-plugin-azure_v2.5.0_x5.0_linux_amd64 plugin: 2025/12/15 05:55:12 [DEBUG] GET https://management.azure.com/subscriptions/28cede72-d862-4e31-9884-9d0eea990f82/resourceGroups/avd-image-builder-rg-staging-1765777442?[REDACTED]
[ad3790d1-df44-4911-af4a-45abe8419bad] PACKER 2025/12/15 05:55:12 ui: ==> azure-arm: Using existing resource group ...
[ad3790d1-df44-4911-af4a-45abe8419bad] PACKER 2025/12/15 05:55:12 ui: ==> azure-arm:  -> ResourceGroupName : 'avd-image-builder-rg-staging-1765777442'
[ad3790d1-df44-4911-af4a-45abe8419bad] PACKER 2025/12/15 05:55:12 ui: ==> azure-arm:  -> Location          : 'westus'
[ad3790d1-df44-4911-af4a-45abe8419bad] PACKER 2025/12/15 05:55:12 ui: ==> azure-arm: Validating deployment template ...
[ad3790d1-df44-4911-af4a-45abe8419bad] PACKER 2025/12/15 05:55:12 ui: ==> azure-arm:  -> ResourceGroupName : 'avd-image-builder-rg-staging-1765777442'
[ad3790d1-df44-4911-af4a-45abe8419bad] PACKER 2025/12/15 05:55:12 ui: ==> azure-arm:  -> DeploymentName    : 'kvpkrdpyhffrs7e9r'
[ad3790d1-df44-4911-af4a-45abe8419bad] PACKER 2025/12/15 05:55:12 packer-plugin-azure_v2.5.0_x5.0_linux_amd64 plugin: 2025/12/15 05:55:12 [DEBUG] POST https://management.azure.com/subscriptions/28cede72-d862-4e31-9884-9d0eea990f82/resourceGroups/avd-image-builder-rg-staging-1765777442/providers/Microsoft.Resources/deployments/kvpkrdpyhffrs7e9r/validate?[REDACTED]
[ad3790d1-df44-4911-af4a-45abe8419bad] PACKER 2025/12/15 05:55:13 ui: ==> azure-arm: Deploying deployment template ...
[ad3790d1-df44-4911-af4a-45abe8419bad] PACKER 2025/12/15 05:55:13 ui: ==> azure-arm:  -> ResourceGroupName : 'avd-image-builder-rg-staging-1765777442'
[ad3790d1-df44-4911-af4a-45abe8419bad] PACKER 2025/12/15 05:55:13 ui: ==> azure-arm:  -> DeploymentName    : 'kvpkrdpyhffrs7e9r'
[ad3790d1-df44-4911-af4a-45abe8419bad] PACKER 2025/12/15 05:55:13 packer-plugin-azure_v2.5.0_x5.0_linux_amd64 plugin: 2025/12/15 05:55:13 [DEBUG] PUT https://management.azure.com/subscriptions/28cede72-d862-4e31-9884-9d0eea990f82/resourceGroups/avd-image-builder-rg-staging-1765777442/providers/Microsoft.Resources/deployments/kvpkrdpyhffrs7e9r?[REDACTED]
[ad3790d1-df44-4911-af4a-45abe8419bad] PACKER 2025/12/15 05:55:25 packer-plugin-azure_v2.5.0_x5.0_linux_amd64 plugin: 2025/12/15 05:55:25 [DEBUG] GET https://management.azure.com/subscriptions/28cede72-d862-4e31-9884-9d0eea990f82/resourcegroups/avd-image-builder-rg-staging-1765777442/providers/Microsoft.Resources/deployments/kvpkrdpyhffrs7e9r/operationStatuses/08584358287709573071?[REDACTED]
[ad3790d1-df44-4911-af4a-45abe8419bad] PACKER 2025/12/15 05:55:35 packer-plugin-azure_v2.5.0_x5.0_linux_amd64 plugin: 2025/12/15 05:55:35 [DEBUG] GET https://management.azure.com/subscriptions/28cede72-d862-4e31-9884-9d0eea990f82/resourcegroups/avd-image-builder-rg-staging-1765777442/providers/Microsoft.Resources/deployments/kvpkrdpyhffrs7e9r/operationStatuses/08584358287709573071?[REDACTED]
[ad3790d1-df44-4911-af4a-45abe8419bad] PACKER 2025/12/15 05:55:46 packer-plugin-azure_v2.5.0_x5.0_linux_amd64 plugin: 2025/12/15 05:55:46 [DEBUG] GET https://management.azure.com/subscriptions/28cede72-d862-4e31-9884-9d0eea990f82/resourcegroups/avd-image-builder-rg-staging-1765777442/providers/Microsoft.Resources/deployments/kvpkrdpyhffrs7e9r/operationStatuses/08584358287709573071?[REDACTED]
[ad3790d1-df44-4911-af4a-45abe8419bad] PACKER 2025/12/15 05:55:56 packer-plugin-azure_v2.5.0_x5.0_linux_amd64 plugin: 2025/12/15 05:55:56 [DEBUG] GET https://management.azure.com/subscriptions/28cede72-d862-4e31-9884-9d0eea990f82/resourcegroups/avd-image-builder-rg-staging-1765777442/providers/Microsoft.Resources/deployments/kvpkrdpyhffrs7e9r/operationStatuses/08584358287709573071?[REDACTED]
[ad3790d1-df44-4911-af4a-45abe8419bad] PACKER 2025/12/15 05:56:06 packer-plugin-azure_v2.5.0_x5.0_linux_amd64 plugin: 2025/12/15 05:56:06 [DEBUG] GET https://management.azure.com/subscriptions/28cede72-d862-4e31-9884-9d0eea990f82/resourcegroups/avd-image-builder-rg-staging-1765777442/providers/Microsoft.Resources/deployments/kvpkrdpyhffrs7e9r/operationStatuses/08584358287709573071?[REDACTED]
[ad3790d1-df44-4911-af4a-45abe8419bad] PACKER 2025/12/15 05:56:16 packer-plugin-azure_v2.5.0_x5.0_linux_amd64 plugin: 2025/12/15 05:56:16 [DEBUG] GET https://management.azure.com/subscriptions/28cede72-d862-4e31-9884-9d0eea990f82/resourcegroups/avd-image-builder-rg-staging-1765777442/providers/Microsoft.Resources/deployments/kvpkrdpyhffrs7e9r/operationStatuses/08584358287709573071?[REDACTED]
[ad3790d1-df44-4911-af4a-45abe8419bad] PACKER 2025/12/15 05:56:27 packer-plugin-azure_v2.5.0_x5.0_linux_amd64 plugin: 2025/12/15 05:56:27 [DEBUG] GET https://management.azure.com/subscriptions/28cede72-d862-4e31-9884-9d0eea990f82/resourcegroups/avd-image-builder-rg-staging-1765777442/providers/Microsoft.Resources/deployments/kvpkrdpyhffrs7e9r/operationStatuses/08584358287709573071?[REDACTED]
[ad3790d1-df44-4911-af4a-45abe8419bad] PACKER 2025/12/15 05:56:27 ui: ==> azure-arm: Getting the certificate's URL ...
[ad3790d1-df44-4911-af4a-45abe8419bad] PACKER 2025/12/15 05:56:27 ui: ==> azure-arm:  -> Key Vault Name        : 'pkrkvyhffrs7e9r'
[ad3790d1-df44-4911-af4a-45abe8419bad] PACKER 2025/12/15 05:56:27 ui: ==> azure-arm:  -> Key Vault Secret Name : 'packerKeyVaultSecret'
[ad3790d1-df44-4911-af4a-45abe8419bad] PACKER 2025/12/15 05:56:27 packer-plugin-azure_v2.5.0_x5.0_linux_amd64 plugin: 2025/12/15 05:56:27 [DEBUG] GET https://management.azure.com/subscriptions/28cede72-d862-4e31-9884-9d0eea990f82/resourceGroups/avd-image-builder-rg-staging-1765777442/providers/Microsoft.KeyVault/vaults/pkrkvyhffrs7e9r/secrets/packerKeyVaultSecret?[REDACTED]
[ad3790d1-df44-4911-af4a-45abe8419bad] PACKER 2025/12/15 05:56:27 ui: ==> azure-arm:  -> Certificate URL       : 'https://pkrkvyhffrs7e9r.vault.azure.net/secrets/packerKeyVaultSecret/221e514bd7e04064a1e5cb82a6d218b9'
[ad3790d1-df44-4911-af4a-45abe8419bad] PACKER 2025/12/15 05:56:27 ui: ==> azure-arm: Setting the certificate's URL ...
[ad3790d1-df44-4911-af4a-45abe8419bad] PACKER 2025/12/15 05:56:27 ui: ==> azure-arm: Validating deployment template ...
[ad3790d1-df44-4911-af4a-45abe8419bad] PACKER 2025/12/15 05:56:27 ui: ==> azure-arm:  -> ResourceGroupName : 'avd-image-builder-rg-staging-1765777442'
[ad3790d1-df44-4911-af4a-45abe8419bad] PACKER 2025/12/15 05:56:27 ui: ==> azure-arm:  -> DeploymentName    : 'pkrdpyhffrs7e9r'
[ad3790d1-df44-4911-af4a-45abe8419bad] PACKER 2025/12/15 05:56:27 packer-plugin-azure_v2.5.0_x5.0_linux_amd64 plugin: 2025/12/15 05:56:27 [DEBUG] POST https://management.azure.com/subscriptions/28cede72-d862-4e31-9884-9d0eea990f82/resourceGroups/avd-image-builder-rg-staging-1765777442/providers/Microsoft.Resources/deployments/pkrdpyhffrs7e9r/validate?[REDACTED]
[ad3790d1-df44-4911-af4a-45abe8419bad] PACKER 2025/12/15 05:56:28 ui: ==> azure-arm: Deploying deployment template ...
[ad3790d1-df44-4911-af4a-45abe8419bad] PACKER 2025/12/15 05:56:28 ui: ==> azure-arm:  -> ResourceGroupName : 'avd-image-builder-rg-staging-1765777442'
[ad3790d1-df44-4911-af4a-45abe8419bad] PACKER 2025/12/15 05:56:28 ui: ==> azure-arm:  -> DeploymentName    : 'pkrdpyhffrs7e9r'
[ad3790d1-df44-4911-af4a-45abe8419bad] PACKER 2025/12/15 05:56:28 packer-plugin-azure_v2.5.0_x5.0_linux_amd64 plugin: 2025/12/15 05:56:28 [DEBUG] PUT https://management.azure.com/subscriptions/28cede72-d862-4e31-9884-9d0eea990f82/resourceGroups/avd-image-builder-rg-staging-1765777442/providers/Microsoft.Resources/deployments/pkrdpyhffrs7e9r?[REDACTED]
[ad3790d1-df44-4911-af4a-45abe8419bad] PACKER 2025/12/15 05:56:39 packer-plugin-azure_v2.5.0_x5.0_linux_amd64 plugin: 2025/12/15 05:56:39 [DEBUG] GET https://management.azure.com/subscriptions/28cede72-d862-4e31-9884-9d0eea990f82/resourcegroups/avd-image-builder-rg-staging-1765777442/providers/Microsoft.Resources/deployments/pkrdpyhffrs7e9r/operationStatuses/08584358286964540076?[REDACTED]
[ad3790d1-df44-4911-af4a-45abe8419bad] PACKER 2025/12/15 05:56:40 ui: ==> azure-arm: ERROR: -> DeploymentFailed : At least one resource deployment operation failed. Please list deployment operations for details. Please see https://aka.ms/arm-deployment-operations for usage details.
[ad3790d1-df44-4911-af4a-45abe8419bad] PACKER ==> azure-arm: ERROR:   -> OperationNotAllowed : The specified disk size 64 GB is smaller than the size of the corresponding disk in the VM image: 127 GB. This is not allowed. Please choose equal or greater size or do not specify an explicit size.
[ad3790d1-df44-4911-af4a-45abe8419bad] PACKER ==> azure-arm:
[ad3790d1-df44-4911-af4a-45abe8419bad] PACKER 2025/12/15 05:56:40 ui error: ==> azure-arm: polling after CreateOrUpdate: polling failed: the Azure API returned the following error:
[ad3790d1-df44-4911-af4a-45abe8419bad] PACKER ==> azure-arm: 
[ad3790d1-df44-4911-af4a-45abe8419bad] PACKER ==> azure-arm: Status: "DeploymentFailed"
[ad3790d1-df44-4911-af4a-45abe8419bad] PACKER ==> azure-arm: Code: "OperationNotAllowed"
[ad3790d1-df44-4911-af4a-45abe8419bad] PACKER ==> azure-arm: Message: "At least one resource deployment operation failed. Please list deployment operations for details. Please see https://aka.ms/arm-deployment-operations for usage details.\nThe specified disk size 64 GB is smaller than the size of the corresponding disk in the VM image: 127 GB. This is not allowed. Please choose equal or greater size or do not specify an explicit size."
[ad3790d1-df44-4911-af4a-45abe8419bad] PACKER ==> azure-arm: Activity Id: ""
[ad3790d1-df44-4911-af4a-45abe8419bad] PACKER ==> azure-arm: 
[ad3790d1-df44-4911-af4a-45abe8419bad] PACKER ==> azure-arm: ---
[ad3790d1-df44-4911-af4a-45abe8419bad] PACKER ==> azure-arm: 
[ad3790d1-df44-4911-af4a-45abe8419bad] PACKER ==> azure-arm: API Response:
[ad3790d1-df44-4911-af4a-45abe8419bad] PACKER ==> azure-arm: 
[ad3790d1-df44-4911-af4a-45abe8419bad] PACKER ==> azure-arm: ----[start]----
[ad3790d1-df44-4911-af4a-45abe8419bad] PACKER ==> azure-arm: {"status":"Failed","error":{"code":"DeploymentFailed","target":"/subscriptions/28cede72-d862-4e31-9884-9d0eea990f82/resourceGroups/avd-image-builder-rg-staging-1765777442/providers/Microsoft.Resources/deployments/pkrdpyhffrs7e9r","message":"At least one resource deployment operation failed. Please list deployment operations for details. Please see https://aka.ms/arm-deployment-operations for usage details.","details":[{"code":"OperationNotAllowed","target":"osDisk.diskSizeGB","message":"The specified disk size 64 GB is smaller than the size of the corresponding disk in the VM image: 127 GB. This is not allowed. Please choose equal or greater size or do not specify an explicit size."}]}}
[ad3790d1-df44-4911-af4a-45abe8419bad] PACKER ==> azure-arm: -----[end]-----
[ad3790d1-df44-4911-af4a-45abe8419bad] PACKER ==> azure-arm:
[ad3790d1-df44-4911-af4a-45abe8419bad] PACKER 2025/12/15 05:56:40 ui: ==> azure-arm: 
[ad3790d1-df44-4911-af4a-45abe8419bad] PACKER ==> azure-arm: Deleting Virtual Machine deployment and its attached resources...
[ad3790d1-df44-4911-af4a-45abe8419bad] PACKER 2025/12/15 05:56:40 packer-plugin-azure_v2.5.0_x5.0_linux_amd64 plugin: 2025/12/15 05:56:40 [DEBUG] GET https://management.azure.com/subscriptions/28cede72-d862-4e31-9884-9d0eea990f82/resourceGroups/avd-image-builder-rg-staging-1765777442/providers/Microsoft.Compute/virtualMachines/pkrvmyhffrs7e9r?[REDACTED]
[ad3790d1-df44-4911-af4a-45abe8419bad] PACKER 2025/12/15 05:56:40 ui: ==> azure-arm: ERROR: -> ResourceNotFound : The Resource 'Microsoft.Compute/virtualMachines/pkrvmyhffrs7e9r' under resource group 'avd-image-builder-rg-staging-1765777442' was not found. For more details please go to https://aka.ms/ARMResourceNotFoundFix
[ad3790d1-df44-4911-af4a-45abe8419bad] PACKER ==> azure-arm:
[ad3790d1-df44-4911-af4a-45abe8419bad] PACKER 2025/12/15 05:56:40 ui error: ==> azure-arm: Could not retrieve OS Image details: unexpected status 404 (404 Not Found) with error: ResourceNotFound: The Resource 'Microsoft.Compute/virtualMachines/pkrvmyhffrs7e9r' under resource group 'avd-image-builder-rg-staging-1765777442' was not found. For more details please go to https://aka.ms/ARMResourceNotFoundFix
[ad3790d1-df44-4911-af4a-45abe8419bad] PACKER 2025/12/15 05:56:40 packer-plugin-azure_v2.5.0_x5.0_linux_amd64 plugin: 2025/12/15 05:56:40 [DEBUG] GET https://management.azure.com/subscriptions/28cede72-d862-4e31-9884-9d0eea990f82/resourceGroups/avd-image-builder-rg-staging-1765777442/deployments/pkrdpyhffrs7e9r/operations?[REDACTED]
[ad3790d1-df44-4911-af4a-45abe8419bad] PACKER 2025/12/15 05:56:40 packer-plugin-azure_v2.5.0_x5.0_linux_amd64 plugin: 2025/12/15 05:56:40 [INFO] Attempting deletion -> Microsoft.Compute/virtualMachines : pkrvmyhffrs7e9r
[ad3790d1-df44-4911-af4a-45abe8419bad] PACKER 2025/12/15 05:56:40 packer-plugin-azure_v2.5.0_x5.0_linux_amd64 plugin: 2025/12/15 05:56:40 [DEBUG] DELETE https://management.azure.com/subscriptions/28cede72-d862-4e31-9884-9d0eea990f82/resourceGroups/avd-image-builder-rg-staging-1765777442/providers/Microsoft.Compute/virtualMachines/pkrvmyhffrs7e9r?[REDACTED]
[ad3790d1-df44-4911-af4a-45abe8419bad] PACKER 2025/12/15 05:56:51 packer-plugin-azure_v2.5.0_x5.0_linux_amd64 plugin: 2025/12/15 05:56:51 [DEBUG] GET https://management.azure.com/subscriptions/28cede72-d862-4e31-9884-9d0eea990f82/resourceGroups/avd-image-builder-rg-staging-1765777442/providers/Microsoft.Compute/virtualMachines/pkrvmyhffrs7e9r?[REDACTED]
[ad3790d1-df44-4911-af4a-45abe8419bad] PACKER 2025/12/15 05:56:51 ui: ==> azure-arm: Deleted -> Microsoft.Compute/virtualMachines : 'pkrvmyhffrs7e9r'
[ad3790d1-df44-4911-af4a-45abe8419bad] PACKER 2025/12/15 05:56:51 packer-plugin-azure_v2.5.0_x5.0_linux_amd64 plugin: 2025/12/15 05:56:51 [INFO] Attempting deletion -> Microsoft.Network/networkInterfaces : pkrniyhffrs7e9r
[ad3790d1-df44-4911-af4a-45abe8419bad] PACKER 2025/12/15 05:56:51 packer-plugin-azure_v2.5.0_x5.0_linux_amd64 plugin: 2025/12/15 05:56:51 [DEBUG] DELETE https://management.azure.com/subscriptions/28cede72-d862-4e31-9884-9d0eea990f82/resourceGroups/avd-image-builder-rg-staging-1765777442/providers/Microsoft.Network/networkInterfaces/pkrniyhffrs7e9r?[REDACTED]
[ad3790d1-df44-4911-af4a-45abe8419bad] PACKER 2025/12/15 05:56:51 packer-plugin-azure_v2.5.0_x5.0_linux_amd64 plugin: 2025/12/15 05:56:51 [INFO] Couldn't delete resource Microsoft.Network/networkInterfaces.pkrniyhffrs7e9r, will retry
[ad3790d1-df44-4911-af4a-45abe8419bad] PACKER 2025/12/15 05:56:51 packer-plugin-azure_v2.5.0_x5.0_linux_amd64 plugin: 2025/12/15 05:56:51 Retryable error: performing Delete: unexpected status 400 (400 Bad Request) with error: NicReservedForAnotherVm: Nic(s) in request is reserved for another Virtual Machine for 180 seconds. Please provide another nic(s) or retry after 180 seconds. Reserved VM: /subscriptions/28cede72-d862-4e31-9884-9d0eea990f82/resourceGroups/avd-image-builder-rg-staging-1765777442/providers/Microsoft.Compute/virtualMachines/pkrvmyhffrs7e9r
[ad3790d1-df44-4911-af4a-45abe8419bad] PACKER 2025/12/15 05:56:54 packer-plugin-azure_v2.5.0_x5.0_linux_amd64 plugin: 2025/12/15 05:56:54 [DEBUG] DELETE https://management.azure.com/subscriptions/28cede72-d862-4e31-9884-9d0eea990f82/resourceGroups/avd-image-builder-rg-staging-1765777442/providers/Microsoft.Network/networkInterfaces/pkrniyhffrs7e9r?[REDACTED]
[ad3790d1-df44-4911-af4a-45abe8419bad] PACKER 2025/12/15 05:56:55 packer-plugin-azure_v2.5.0_x5.0_linux_amd64 plugin: 2025/12/15 05:56:55 [INFO] Couldn't delete resource Microsoft.Network/networkInterfaces.pkrniyhffrs7e9r, will retry
[ad3790d1-df44-4911-af4a-45abe8419bad] PACKER 2025/12/15 05:56:55 packer-plugin-azure_v2.5.0_x5.0_linux_amd64 plugin: 2025/12/15 05:56:55 Retryable error: performing Delete: unexpected status 400 (400 Bad Request) with error: NicReservedForAnotherVm: Nic(s) in request is reserved for another Virtual Machine for 180 seconds. Please provide another nic(s) or retry after 180 seconds. Reserved VM: /subscriptions/28cede72-d862-4e31-9884-9d0eea990f82/resourceGroups/avd-image-builder-rg-staging-1765777442/providers/Microsoft.Compute/virtualMachines/pkrvmyhffrs7e9r
[ad3790d1-df44-4911-af4a-45abe8419bad] PACKER 2025/12/15 05:56:59 packer-plugin-azure_v2.5.0_x5.0_linux_amd64 plugin: 2025/12/15 05:56:59 [DEBUG] DELETE https://management.azure.com/subscriptions/28cede72-d862-4e31-9884-9d0eea990f82/resourceGroups/avd-image-builder-rg-staging-1765777442/providers/Microsoft.Network/networkInterfaces/pkrniyhffrs7e9r?[REDACTED]
[ad3790d1-df44-4911-af4a-45abe8419bad] PACKER 2025/12/15 05:56:59 packer-plugin-azure_v2.5.0_x5.0_linux_amd64 plugin: 2025/12/15 05:56:59 [INFO] Couldn't delete resource Microsoft.Network/networkInterfaces.pkrniyhffrs7e9r, will retry
[ad3790d1-df44-4911-af4a-45abe8419bad] PACKER 2025/12/15 05:56:59 packer-plugin-azure_v2.5.0_x5.0_linux_amd64 plugin: 2025/12/15 05:56:59 Retryable error: performing Delete: unexpected status 400 (400 Bad Request) with error: NicReservedForAnotherVm: Nic(s) in request is reserved for another Virtual Machine for 180 seconds. Please provide another nic(s) or retry after 180 seconds. Reserved VM: /subscriptions/28cede72-d862-4e31-9884-9d0eea990f82/resourceGroups/avd-image-builder-rg-staging-1765777442/providers/Microsoft.Compute/virtualMachines/pkrvmyhffrs7e9r
[ad3790d1-df44-4911-af4a-45abe8419bad] PACKER 2025/12/15 05:57:06 packer-plugin-azure_v2.5.0_x5.0_linux_amd64 plugin: 2025/12/15 05:57:06 [DEBUG] DELETE https://management.azure.com/subscriptions/28cede72-d862-4e31-9884-9d0eea990f82/resourceGroups/avd-image-builder-rg-staging-1765777442/providers/Microsoft.Network/networkInterfaces/pkrniyhffrs7e9r?[REDACTED]
[ad3790d1-df44-4911-af4a-45abe8419bad] PACKER 2025/12/15 05:57:06 packer-plugin-azure_v2.5.0_x5.0_linux_amd64 plugin: 2025/12/15 05:57:06 [INFO] Couldn't delete resource Microsoft.Network/networkInterfaces.pkrniyhffrs7e9r, will retry
[ad3790d1-df44-4911-af4a-45abe8419bad] PACKER 2025/12/15 05:57:06 packer-plugin-azure_v2.5.0_x5.0_linux_amd64 plugin: 2025/12/15 05:57:06 Retryable error: performing Delete: unexpected status 400 (400 Bad Request) with error: NicReservedForAnotherVm: Nic(s) in request is reserved for another Virtual Machine for 180 seconds. Please provide another nic(s) or retry after 180 seconds. Reserved VM: /subscriptions/28cede72-d862-4e31-9884-9d0eea990f82/resourceGroups/avd-image-builder-rg-staging-1765777442/providers/Microsoft.Compute/virtualMachines/pkrvmyhffrs7e9r
[ad3790d1-df44-4911-af4a-45abe8419bad] PACKER 2025/12/15 05:57:17 packer-plugin-azure_v2.5.0_x5.0_linux_amd64 plugin: 2025/12/15 05:57:17 [DEBUG] DELETE https://management.azure.com/subscriptions/28cede72-d862-4e31-9884-9d0eea990f82/resourceGroups/avd-image-builder-rg-staging-1765777442/providers/Microsoft.Network/networkInterfaces/pkrniyhffrs7e9r?[REDACTED]
[ad3790d1-df44-4911-af4a-45abe8419bad] PACKER 2025/12/15 05:57:17 packer-plugin-azure_v2.5.0_x5.0_linux_amd64 plugin: 2025/12/15 05:57:17 [INFO] Couldn't delete resource Microsoft.Network/networkInterfaces.pkrniyhffrs7e9r, will retry
[ad3790d1-df44-4911-af4a-45abe8419bad] PACKER 2025/12/15 05:57:17 packer-plugin-azure_v2.5.0_x5.0_linux_amd64 plugin: 2025/12/15 05:57:17 Retryable error: performing Delete: unexpected status 400 (400 Bad Request) with error: NicReservedForAnotherVm: Nic(s) in request is reserved for another Virtual Machine for 180 seconds. Please provide another nic(s) or retry after 180 seconds. Reserved VM: /subscriptions/28cede72-d862-4e31-9884-9d0eea990f82/resourceGroups/avd-image-builder-rg-staging-1765777442/providers/Microsoft.Compute/virtualMachines/pkrvmyhffrs7e9r
[ad3790d1-df44-4911-af4a-45abe8419bad] PACKER 2025/12/15 05:57:32 ui: ==> azure-arm: Error deleting resource. Please delete manually.
[ad3790d1-df44-4911-af4a-45abe8419bad] PACKER ==> azure-arm: 
[ad3790d1-df44-4911-af4a-45abe8419bad] PACKER ==> azure-arm: Name: pkrniyhffrs7e9r
[ad3790d1-df44-4911-af4a-45abe8419bad] PACKER ==> azure-arm: Error: retry count exhausted. Last err: performing Delete: unexpected status 400 (400 Bad Request) with error: NicReservedForAnotherVm: Nic(s) in request is reserved for another Virtual Machine for 180 seconds. Please provide another nic(s) or retry after 180 seconds. Reserved VM: /subscriptions/28cede72-d862-4e31-9884-9d0eea990f82/resourceGroups/avd-image-builder-rg-staging-1765777442/providers/Microsoft.Compute/virtualMachines/pkrvmyhffrs7e9r
[ad3790d1-df44-4911-af4a-45abe8419bad] PACKER 2025/12/15 05:57:32 ui error: ==> azure-arm: retry count exhausted. Last err: performing Delete: unexpected status 400 (400 Bad Request) with error: NicReservedForAnotherVm: Nic(s) in request is reserved for another Virtual Machine for 180 seconds. Please provide another nic(s) or retry after 180 seconds. Reserved VM: /subscriptions/28cede72-d862-4e31-9884-9d0eea990f82/resourceGroups/avd-image-builder-rg-staging-1765777442/providers/Microsoft.Compute/virtualMachines/pkrvmyhffrs7e9r
[ad3790d1-df44-4911-af4a-45abe8419bad] PACKER 2025/12/15 05:57:32 ui: ==> azure-arm: Removing the created Deployment object: 'pkrdpyhffrs7e9r'
[ad3790d1-df44-4911-af4a-45abe8419bad] PACKER 2025/12/15 05:57:32 packer-plugin-azure_v2.5.0_x5.0_linux_amd64 plugin: 2025/12/15 05:57:32 [DEBUG] DELETE https://management.azure.com/subscriptions/28cede72-d862-4e31-9884-9d0eea990f82/resourceGroups/avd-image-builder-rg-staging-1765777442/providers/Microsoft.Resources/deployments/pkrdpyhffrs7e9r?[REDACTED]
[ad3790d1-df44-4911-af4a-45abe8419bad] PACKER 2025/12/15 05:57:42 packer-plugin-azure_v2.5.0_x5.0_linux_amd64 plugin: 2025/12/15 05:57:42 [DEBUG] GET https://management.azure.com/subscriptions/28cede72-d862-4e31-9884-9d0eea990f82/resourceGroups/avd-image-builder-rg-staging-1765777442/providers/Microsoft.Resources/deployments/pkrdpyhffrs7e9r?[REDACTED]
[ad3790d1-df44-4911-af4a-45abe8419bad] PACKER 2025/12/15 05:57:43 ui: ==> azure-arm: 
[ad3790d1-df44-4911-af4a-45abe8419bad] PACKER ==> azure-arm: Deleting KeyVault created during build
[ad3790d1-df44-4911-af4a-45abe8419bad] PACKER 2025/12/15 05:57:43 packer-plugin-azure_v2.5.0_x5.0_linux_amd64 plugin: 2025/12/15 05:57:43 [DEBUG] GET https://management.azure.com/subscriptions/28cede72-d862-4e31-9884-9d0eea990f82/resourceGroups/avd-image-builder-rg-staging-1765777442/deployments/kvpkrdpyhffrs7e9r/operations?[REDACTED]
[ad3790d1-df44-4911-af4a-45abe8419bad] PACKER 2025/12/15 05:57:43 packer-plugin-azure_v2.5.0_x5.0_linux_amd64 plugin: 2025/12/15 05:57:43 [INFO] Attempting deletion -> Microsoft.KeyVault/vaults : pkrkvyhffrs7e9r
[ad3790d1-df44-4911-af4a-45abe8419bad] PACKER 2025/12/15 05:57:43 packer-plugin-azure_v2.5.0_x5.0_linux_amd64 plugin: 2025/12/15 05:57:43 [DEBUG] DELETE https://management.azure.com/subscriptions/28cede72-d862-4e31-9884-9d0eea990f82/resourceGroups/avd-image-builder-rg-staging-1765777442/providers/Microsoft.KeyVault/vaults/pkrkvyhffrs7e9r?[REDACTED]
[ad3790d1-df44-4911-af4a-45abe8419bad] PACKER 2025/12/15 05:57:46 ui: ==> azure-arm: Deleted -> Microsoft.KeyVault/vaults : 'pkrkvyhffrs7e9r'
[ad3790d1-df44-4911-af4a-45abe8419bad] PACKER 2025/12/15 05:57:46 ui: ==> azure-arm: Removing the created Deployment object: 'kvpkrdpyhffrs7e9r'
[ad3790d1-df44-4911-af4a-45abe8419bad] PACKER 2025/12/15 05:57:46 packer-plugin-azure_v2.5.0_x5.0_linux_amd64 plugin: 2025/12/15 05:57:46 [DEBUG] DELETE https://management.azure.com/subscriptions/28cede72-d862-4e31-9884-9d0eea990f82/resourceGroups/avd-image-builder-rg-staging-1765777442/providers/Microsoft.Resources/deployments/kvpkrdpyhffrs7e9r?[REDACTED]
[ad3790d1-df44-4911-af4a-45abe8419bad] PACKER 2025/12/15 05:57:56 packer-plugin-azure_v2.5.0_x5.0_linux_amd64 plugin: 2025/12/15 05:57:56 [DEBUG] GET https://management.azure.com/subscriptions/28cede72-d862-4e31-9884-9d0eea990f82/resourceGroups/avd-image-builder-rg-staging-1765777442/providers/Microsoft.Resources/deployments/kvpkrdpyhffrs7e9r?[REDACTED]
[ad3790d1-df44-4911-af4a-45abe8419bad] PACKER 2025/12/15 05:57:56 ui: ==> azure-arm: 
[ad3790d1-df44-4911-af4a-45abe8419bad] PACKER ==> azure-arm: The resource group was not created by Packer, not deleting ...
[ad3790d1-df44-4911-af4a-45abe8419bad] PACKER 2025/12/15 05:57:56 ui error: Build 'azure-arm' errored after 2 minutes 45 seconds: polling after CreateOrUpdate: polling failed: the Azure API returned the following error:
[ad3790d1-df44-4911-af4a-45abe8419bad] PACKER 
[ad3790d1-df44-4911-af4a-45abe8419bad] PACKER Status: "DeploymentFailed"
[ad3790d1-df44-4911-af4a-45abe8419bad] PACKER Code: "OperationNotAllowed"
[ad3790d1-df44-4911-af4a-45abe8419bad] PACKER Message: "At least one resource deployment operation failed. Please list deployment operations for details. Please see https://aka.ms/arm-deployment-operations for usage details.\nThe specified disk size 64 GB is smaller than the size of the corresponding disk in the VM image: 127 GB. This is not allowed. Please choose equal or greater size or do not specify an explicit size."
[ad3790d1-df44-4911-af4a-45abe8419bad] PACKER Activity Id: ""
[ad3790d1-df44-4911-af4a-45abe8419bad] PACKER 
[ad3790d1-df44-4911-af4a-45abe8419bad] PACKER ---
[ad3790d1-df44-4911-af4a-45abe8419bad] PACKER 
[ad3790d1-df44-4911-af4a-45abe8419bad] PACKER API Response:
[ad3790d1-df44-4911-af4a-45abe8419bad] PACKER 
[ad3790d1-df44-4911-af4a-45abe8419bad] PACKER ----[start]----
[ad3790d1-df44-4911-af4a-45abe8419bad] PACKER {"status":"Failed","error":{"code":"DeploymentFailed","target":"/subscriptions/28cede72-d862-4e31-9884-9d0eea990f82/resourceGroups/avd-image-builder-rg-staging-1765777442/providers/Microsoft.Resources/deployments/pkrdpyhffrs7e9r","message":"At least one resource deployment operation failed. Please list deployment operations for details. Please see https://aka.ms/arm-deployment-operations for usage details.","details":[{"code":"OperationNotAllowed","target":"osDisk.diskSizeGB","message":"The specified disk size 64 GB is smaller than the size of the corresponding disk in the VM image: 127 GB. This is not allowed. Please choose equal or greater size or do not specify an explicit size."}]}}
[ad3790d1-df44-4911-af4a-45abe8419bad] PACKER -----[end]-----
[ad3790d1-df44-4911-af4a-45abe8419bad] PACKER 
[ad3790d1-df44-4911-af4a-45abe8419bad] PACKER 2025/12/15 05:57:56 ui: 
[ad3790d1-df44-4911-af4a-45abe8419bad] PACKER ==> Wait completed after 2 minutes 45 seconds
[ad3790d1-df44-4911-af4a-45abe8419bad] PACKER 2025/12/15 05:57:56 machine readable: error-count []string{"1"}
[ad3790d1-df44-4911-af4a-45abe8419bad] PACKER 2025/12/15 05:57:56 ui error: 
[ad3790d1-df44-4911-af4a-45abe8419bad] PACKER ==> Some builds didn't complete successfully and had errors:
[ad3790d1-df44-4911-af4a-45abe8419bad] PACKER 2025/12/15 05:57:56 machine readable: azure-arm,error []string{"polling after CreateOrUpdate: polling failed: the Azure API returned the following error:\n\nStatus: \"DeploymentFailed\"\nCode: \"OperationNotAllowed\"\nMessage: \"At least one resource deployment operation failed. Please list deployment operations for details. Please see https://aka.ms/arm-deployment-operations for usage details.\\nThe specified disk size 64 GB is smaller than the size of the corresponding disk in the VM image: 127 GB. This is not allowed. Please choose equal or greater size or do not specify an explicit size.\"\nActivity Id: \"\"\n\n---\n\nAPI Response:\n\n----[start]----\n{\"status\":\"Failed\",\"error\":{\"code\":\"DeploymentFailed\",\"target\":\"/subscriptions/28cede72-d862-4e31-9884-9d0eea990f82/resourceGroups/avd-image-builder-rg-staging-1765777442/providers/Microsoft.Resources/deployments/pkrdpyhffrs7e9r\",\"message\":\"At least one resource deployment operation failed. Please list deployment operations for details. Please see https://aka.ms/arm-deployment-operations for usage details.\",\"details\":[{\"code\":\"OperationNotAllowed\",\"target\":\"osDisk.diskSizeGB\",\"message\":\"The specified disk size 64 GB is smaller than the size of the corresponding disk in the VM image: 127 GB. This is not allowed. Please choose equal or greater size or do not specify an explicit size.\"}]}}\n-----[end]-----\n"}
[ad3790d1-df44-4911-af4a-45abe8419bad] PACKER 2025/12/15 05:57:56 ui error: --> azure-arm: polling after CreateOrUpdate: polling failed: the Azure API returned the following error:
[ad3790d1-df44-4911-af4a-45abe8419bad] PACKER 
[ad3790d1-df44-4911-af4a-45abe8419bad] PACKER Status: "DeploymentFailed"
[ad3790d1-df44-4911-af4a-45abe8419bad] PACKER Code: "OperationNotAllowed"
[ad3790d1-df44-4911-af4a-45abe8419bad] PACKER Message: "At least one resource deployment operation failed. Please list deployment operations for details. Please see https://aka.ms/arm-deployment-operations for usage details.\nThe specified disk size 64 GB is smaller than the size of the corresponding disk in the VM image: 127 GB. This is not allowed. Please choose equal or greater size or do not specify an explicit size."
[ad3790d1-df44-4911-af4a-45abe8419bad] PACKER Activity Id: ""
[ad3790d1-df44-4911-af4a-45abe8419bad] PACKER 
[ad3790d1-df44-4911-af4a-45abe8419bad] PACKER ---
[ad3790d1-df44-4911-af4a-45abe8419bad] PACKER 
[ad3790d1-df44-4911-af4a-45abe8419bad] PACKER API Response:
[ad3790d1-df44-4911-af4a-45abe8419bad] PACKER 
[ad3790d1-df44-4911-af4a-45abe8419bad] PACKER ----[start]----
[ad3790d1-df44-4911-af4a-45abe8419bad] PACKER {"status":"Failed","error":{"code":"DeploymentFailed","target":"/subscriptions/28cede72-d862-4e31-9884-9d0eea990f82/resourceGroups/avd-image-builder-rg-staging-1765777442/providers/Microsoft.Resources/deployments/pkrdpyhffrs7e9r","message":"At least one resource deployment operation failed. Please list deployment operations for details. Please see https://aka.ms/arm-deployment-operations for usage details.","details":[{"code":"OperationNotAllowed","target":"osDisk.diskSizeGB","message":"The specified disk size 64 GB is smaller than the size of the corresponding disk in the VM image: 127 GB. This is not allowed. Please choose equal or greater size or do not specify an explicit size."}]}}
[ad3790d1-df44-4911-af4a-45abe8419bad] PACKER -----[end]-----
[ad3790d1-df44-4911-af4a-45abe8419bad] PACKER 2025/12/15 05:57:56 ui: 
[ad3790d1-df44-4911-af4a-45abe8419bad] PACKER ==> Builds finished but no artifacts were created.
[ad3790d1-df44-4911-af4a-45abe8419bad] PACKER 2025/12/15 05:57:56 waiting for all plugin processes to complete...
[ad3790d1-df44-4911-af4a-45abe8419bad] PACKER 2025/12/15 05:57:56 /aib/packerInput/packer: plugin process exited
[ad3790d1-df44-4911-af4a-45abe8419bad] PACKER 2025/12/15 05:57:56 /aib/packerInput/packer: plugin process exited
[ad3790d1-df44-4911-af4a-45abe8419bad] PACKER 2025/12/15 05:57:56 /root/.config/packer/plugins/github.com/hashicorp/azure/packer-plugin-azure_v2.5.0_x5.0_linux_amd64: plugin process exited
[ad3790d1-df44-4911-af4a-45abe8419bad] PACKER 2025/12/15 05:57:56 /aib/packerInput/packer: plugin process exited
[ad3790d1-df44-4911-af4a-45abe8419bad] PACKER Done exporting Packer logs to Azure Storage.
